Using pre-set license
Built from '2021.3/staging' branch; Version is '2021.3.5f1 (40eb3a945986) revision 4254522'; Using compiler version '192829333'; Build Type 'Release'
OS: 'Windows 10  (10.0.19045) 64bit Professional' Language: 'uk' Physical Memory: 8132 MB
BatchMode: 1, IsHumanControllingUs: 0, StartBugReporterOnCrash: 0, Is64bit: 1, IsPro: 1

COMMAND LINE ARGUMENTS:
F:\Unity\2021.3.5f1\Editor\Unity.exe
-adb2
-batchMode
-noUpm
-name
AssetImportWorker3
-projectPath
F:/Unity/MyProject/RaceCar/RaceCar
-logFile
Logs/AssetImportWorker3.log
-srvPort
51191
Successfully changed project path to: F:/Unity/MyProject/RaceCar/RaceCar
F:/Unity/MyProject/RaceCar/RaceCar
[UnityMemory] Configuration Parameters - Can be set up in boot.config
    "memorysetup-bucket-allocator-granularity=16"
    "memorysetup-bucket-allocator-bucket-count=8"
    "memorysetup-bucket-allocator-block-size=33554432"
    "memorysetup-bucket-allocator-block-count=8"
    "memorysetup-main-allocator-block-size=16777216"
    "memorysetup-thread-allocator-block-size=16777216"
    "memorysetup-gfx-main-allocator-block-size=16777216"
    "memorysetup-gfx-thread-allocator-block-size=16777216"
    "memorysetup-cache-allocator-block-size=4194304"
    "memorysetup-typetree-allocator-block-size=2097152"
    "memorysetup-profiler-bucket-allocator-granularity=16"
    "memorysetup-profiler-bucket-allocator-bucket-count=8"
    "memorysetup-profiler-bucket-allocator-block-size=33554432"
    "memorysetup-profiler-bucket-allocator-block-count=8"
    "memorysetup-profiler-allocator-block-size=16777216"
    "memorysetup-profiler-editor-allocator-block-size=1048576"
    "memorysetup-temp-allocator-size-main=16777216"
    "memorysetup-job-temp-allocator-block-size=2097152"
    "memorysetup-job-temp-allocator-block-size-background=1048576"
    "memorysetup-job-temp-allocator-reduction-small-platforms=262144"
    "memorysetup-temp-allocator-size-background-worker=32768"
    "memorysetup-temp-allocator-size-job-worker=262144"
    "memorysetup-temp-allocator-size-preload-manager=33554432"
    "memorysetup-temp-allocator-size-nav-mesh-worker=65536"
    "memorysetup-temp-allocator-size-audio-worker=65536"
    "memorysetup-temp-allocator-size-cloud-worker=32768"
    "memorysetup-temp-allocator-size-gi-baking-worker=262144"
    "memorysetup-temp-allocator-size-gfx=262144"
Refreshing native plugins compatible for Editor in 178.63 ms, found 5 plugins.
Preloading 0 native plugins for Editor in 0.00 ms.
Initialize engine version: 2021.3.5f1 (40eb3a945986)
[Subsystems] Discovering subsystems at path F:/Unity/2021.3.5f1/Editor/Data/Resources/UnitySubsystems
[Subsystems] Discovering subsystems at path F:/Unity/MyProject/RaceCar/RaceCar/Assets
GfxDevice: creating device client; threaded=0; jobified=0
Direct3D:
    Version:  Direct3D 11.0 [level 11.0]
    Renderer: NVIDIA GeForce GTX 750 Ti (ID=0x1380)
    Vendor:   NVIDIA
    VRAM:     2006 MB
    Driver:   31.0.15.3623
Initialize mono
Mono path[0] = 'F:/Unity/2021.3.5f1/Editor/Data/Managed'
Mono path[1] = 'F:/Unity/2021.3.5f1/Editor/Data/MonoBleedingEdge/lib/mono/unityjit-win32'
Mono config path = 'F:/Unity/2021.3.5f1/Editor/Data/MonoBleedingEdge/etc'
Using monoOptions --debugger-agent=transport=dt_socket,embedding=1,server=y,suspend=n,address=127.0.0.1:56172
Begin MonoManager ReloadAssembly
Registering precompiled unity dll's ...
Register platform support module: F:/Unity/2021.3.5f1/Editor/Data/PlaybackEngines/WebGLSupport/UnityEditor.WebGL.Extensions.dll
Register platform support module: F:/Unity/2021.3.5f1/Editor/Data/PlaybackEngines/AndroidPlayer/UnityEditor.Android.Extensions.dll
Register platform support module: F:/Unity/2021.3.5f1/Editor/Data/PlaybackEngines/WindowsStandaloneSupport/UnityEditor.WindowsStandalone.Extensions.dll
Registered in 0.006833 seconds.
Native extension for WindowsStandalone target not found
Native extension for Android target not found
Native extension for WebGL target not found
Refreshing native plugins compatible for Editor in 196.89 ms, found 5 plugins.
Preloading 0 native plugins for Editor in 0.00 ms.
Mono: successfully reloaded assembly
- Completed reload, in  1.280 seconds
Domain Reload Profiling:
	ReloadAssembly (1281ms)
		BeginReloadAssembly (114ms)
			ExecutionOrderSort (0ms)
			DisableScriptedObjects (0ms)
			BackupInstance (0ms)
			ReleaseScriptingObjects (0ms)
			CreateAndSetChildDomain (1ms)
		EndReloadAssembly (984ms)
			LoadAssemblies (113ms)
			RebuildTransferFunctionScriptingTraits (0ms)
			SetupTypeCache (204ms)
			ReleaseScriptCaches (0ms)
			RebuildScriptCaches (53ms)
			SetupLoadedEditorAssemblies (632ms)
				LogAssemblyErrors (0ms)
				InitializePlatformSupportModulesInManaged (113ms)
				SetLoadedEditorAssemblies (1ms)
				RefreshPlugins (197ms)
				BeforeProcessingInitializeOnLoad (2ms)
				ProcessInitializeOnLoadAttributes (230ms)
				ProcessInitializeOnLoadMethodAttributes (89ms)
				AfterProcessingInitializeOnLoad (0ms)
				EditorAssembliesLoaded (0ms)
			ExecutionOrderSort2 (0ms)
			AwakeInstancesAfterBackupRestoration (0ms)
Platform modules already initialized, skipping
Registering precompiled user dll's ...
Registered in 0.008447 seconds.
Begin MonoManager ReloadAssembly
Symbol file LoadedFromMemory doesn't match image F:\Unity\MyProject\RaceCar\RaceCar\Library\PackageCache\com.unity.visualscripting@1.7.8\Editor\VisualScripting.Core\Dependencies\DotNetZip\Unity.VisualScripting.IonicZip.dll
Symbol file LoadedFromMemory doesn't match image F:\Unity\MyProject\RaceCar\RaceCar\Library\PackageCache\com.unity.visualscripting@1.7.8\Editor\VisualScripting.Core\Dependencies\YamlDotNet\Unity.VisualScripting.YamlDotNet.dll
Native extension for WindowsStandalone target not found
Native extension for Android target not found
Native extension for WebGL target not found
Refreshing native plugins compatible for Editor in 174.95 ms, found 5 plugins.
Preloading 0 native plugins for Editor in 0.00 ms.
Package Manager log level set to [2]
Mono: successfully reloaded assembly
- Completed reload, in  7.415 seconds
Domain Reload Profiling:
	ReloadAssembly (7417ms)
		BeginReloadAssembly (316ms)
			ExecutionOrderSort (0ms)
			DisableScriptedObjects (13ms)
			BackupInstance (0ms)
			ReleaseScriptingObjects (0ms)
			CreateAndSetChildDomain (138ms)
		EndReloadAssembly (6815ms)
			LoadAssemblies (2128ms)
			RebuildTransferFunctionScriptingTraits (0ms)
			SetupTypeCache (393ms)
			ReleaseScriptCaches (1ms)
			RebuildScriptCaches (112ms)
			SetupLoadedEditorAssemblies (1983ms)
				LogAssemblyErrors (0ms)
				InitializePlatformSupportModulesInManaged (21ms)
				SetLoadedEditorAssemblies (0ms)
				RefreshPlugins (175ms)
				BeforeProcessingInitializeOnLoad (151ms)
				ProcessInitializeOnLoadAttributes (1397ms)
				ProcessInitializeOnLoadMethodAttributes (231ms)
				AfterProcessingInitializeOnLoad (8ms)
				EditorAssembliesLoaded (0ms)
			ExecutionOrderSort2 (0ms)
			AwakeInstancesAfterBackupRestoration (24ms)
Platform modules already initialized, skipping
========================================================================
Worker process is ready to serve import requests
Launched and connected shader compiler UnityShaderCompiler.exe after 0.17 seconds
Refreshing native plugins compatible for Editor in 1.77 ms, found 5 plugins.
Preloading 0 native plugins for Editor in 0.00 ms.
Unloading 4522 Unused Serialized files (Serialized files now loaded: 0)
Unloading 101 unused Assets / (1.6 MB). Loaded Objects now: 4968.
Memory consumption went from 175.1 MB to 173.6 MB.
Total: 10.886800 ms (FindLiveObjects: 0.443000 ms CreateObjectMapping: 0.205400 ms MarkObjects: 9.811200 ms  DeleteObjects: 0.425500 ms)

AssetImportParameters requested are different than current active one (requested -> active):
  custom:video-decoder-ogg-theora: a1e56fd34408186e4bbccfd4996cb3dc -> 
  custom:container-muxer-webm: aa71ff27fc2769a1b78a27578f13a17b -> 
  custom:container-demuxer-webm: 4f35f7cbe854078d1ac9338744f61a02 -> 
  custom:video-encoder-webm-vp8: eb34c28f22e8b96e1ab97ce403110664 -> 
  custom:audio-encoder-webm-vorbis: bf7c407c2cedff20999df2af8eb42d56 -> 
  custom:framework-win-MediaFoundation: 216162199b28c13a410421893ffa2e32 -> 
  custom:container-demuxer-ogg: 62fdf1f143b41e24485cea50d1cbac27 -> 
  custom:video-decoder-webm-vp8: 9c59270c3fd7afecdb556c50c9e8de78 -> 
  custom:audio-decoder-ogg-vorbis: bf7c407c2cedff20999df2af8eb42d56 -> 
========================================================================
Received Import Request.
  Time since last request: 322720.959689 seconds.
  path: Assets/Upgrade/Prefab/Position/Materials/LockPosition.mat
  artifactKey: Guid(fb2c9b126b80689498e8ce0fb2b00f22) Importer(815301076,1909f56bfc062723c751e8b465ee728b)
Start importing Assets/Upgrade/Prefab/Position/Materials/LockPosition.mat using Guid(fb2c9b126b80689498e8ce0fb2b00f22) Importer(815301076,1909f56bfc062723c751e8b465ee728b)  -> (artifact id: '38e439ad7bebeb2d21715eb95d1e3b89') in 0.190185 seconds 
========================================================================
Received Import Request.
  Time since last request: 0.000075 seconds.
  path: Assets/UI/Img/pregonka.png
  artifactKey: Guid(9f6cf208026fc5847b203033e3cfa652) Importer(815301076,1909f56bfc062723c751e8b465ee728b)
Start importing Assets/UI/Img/pregonka.png using Guid(9f6cf208026fc5847b203033e3cfa652) Importer(815301076,1909f56bfc062723c751e8b465ee728b)  -> (artifact id: '06efd288b03cd3fb11c1b2eaeefcd954') in 0.627849 seconds 
========================================================================
Received Import Request.
  Time since last request: 0.000041 seconds.
  path: Assets/UI/Img/Frame 1.png
  artifactKey: Guid(34a44a1f32dfef048ab09c11fd7a17e5) Importer(815301076,1909f56bfc062723c751e8b465ee728b)
Start importing Assets/UI/Img/Frame 1.png using Guid(34a44a1f32dfef048ab09c11fd7a17e5) Importer(815301076,1909f56bfc062723c751e8b465ee728b)  -> (artifact id: '66c0f373f2d454bc66e985a2daf98bed') in 0.145280 seconds 
========================================================================
Received Import Request.
  Time since last request: 0.000072 seconds.
  path: Assets/UI/Img/остатки (1).png
  artifactKey: Guid(e56c883fd013e1d4ca16ef594662762f) Importer(815301076,1909f56bfc062723c751e8b465ee728b)
Start importing Assets/UI/Img/остатки (1).png using Guid(e56c883fd013e1d4ca16ef594662762f) Importer(815301076,1909f56bfc062723c751e8b465ee728b)  -> (artifact id: '5651d1746ee12acae149f67cc5926456') in 0.189028 seconds 
========================================================================
Received Import Request.
  Time since last request: 0.000040 seconds.
  path: Assets/UI/Img/ui1.png
  artifactKey: Guid(1531052a9ee78ca418c897f1407f5551) Importer(815301076,1909f56bfc062723c751e8b465ee728b)
Start importing Assets/UI/Img/ui1.png using Guid(1531052a9ee78ca418c897f1407f5551) Importer(815301076,1909f56bfc062723c751e8b465ee728b)  -> (artifact id: 'ea497b1744e9fd123baa7097e71da9ba') in 0.268835 seconds 
========================================================================
Received Import Request.
  Time since last request: 0.000032 seconds.
  path: Assets/UI/Img/Frame 1atlas main.png
  artifactKey: Guid(ea345b4f6efafe04ca0ac25bd010cf0a) Importer(815301076,1909f56bfc062723c751e8b465ee728b)
Start importing Assets/UI/Img/Frame 1atlas main.png using Guid(ea345b4f6efafe04ca0ac25bd010cf0a) Importer(815301076,1909f56bfc062723c751e8b465ee728b)  -> (artifact id: '79048cdf8a2f1801624b4f6988d7134f') in 0.287429 seconds 
========================================================================
Received Import Request.
  Time since last request: 0.000039 seconds.
  path: Assets/UI/Img/red.png
  artifactKey: Guid(a029532eed95cfa4a863aa34a74baf91) Importer(815301076,1909f56bfc062723c751e8b465ee728b)
Start importing Assets/UI/Img/red.png using Guid(a029532eed95cfa4a863aa34a74baf91) Importer(815301076,1909f56bfc062723c751e8b465ee728b)  -> (artifact id: '7be73d71f28a34e622c5e22e50b756a5') in 0.175964 seconds 
========================================================================
Received Import Request.
  Time since last request: 0.000032 seconds.
  path: Assets/UI/Img/winn.png
  artifactKey: Guid(33b5ab275f970ab439388a6206f38bb2) Importer(815301076,1909f56bfc062723c751e8b465ee728b)
Start importing Assets/UI/Img/winn.png using Guid(33b5ab275f970ab439388a6206f38bb2) Importer(815301076,1909f56bfc062723c751e8b465ee728b)  -> (artifact id: 'd1f5c701afeddd0bd9854eb494e1d592') in 0.220280 seconds 
========================================================================
Received Import Request.
  Time since last request: 278.451298 seconds.
  path: Assets/UI/Script/UIManager.cs
  artifactKey: Guid(c93356fe0e270cc45b92beb0d98f1723) Importer(815301076,1909f56bfc062723c751e8b465ee728b)
Start importing Assets/UI/Script/UIManager.cs using Guid(c93356fe0e270cc45b92beb0d98f1723) Importer(815301076,1909f56bfc062723c751e8b465ee728b)  -> (artifact id: 'f7abb6b1bce3cc6fa51863561acb36f3') in 0.029088 seconds 
========================================================================
Received Import Request.
  Time since last request: 82.645084 seconds.
  path: Assets/UI/Prefabs/Border 1.prefab
  artifactKey: Guid(ab906aa3891339b499def549ce6b0040) Importer(815301076,1909f56bfc062723c751e8b465ee728b)
Start importing Assets/UI/Prefabs/Border 1.prefab using Guid(ab906aa3891339b499def549ce6b0040) Importer(815301076,1909f56bfc062723c751e8b465ee728b)  -> (artifact id: '592ad245eddf4c0db0d01833dbb0baa1') in 0.198486 seconds 
========================================================================
Received Import Request.
  Time since last request: 0.000044 seconds.
  path: Assets/UI/Prefabs/Border.prefab
  artifactKey: Guid(a4839271752c67441b60c92487fe39cf) Importer(815301076,1909f56bfc062723c751e8b465ee728b)
Start importing Assets/UI/Prefabs/Border.prefab using Guid(a4839271752c67441b60c92487fe39cf) Importer(815301076,1909f56bfc062723c751e8b465ee728b)  -> (artifact id: '7f089328c999ab98a8f4e62eadd3c334') in 0.044039 seconds 
